<?xml version="1.0" encoding="UTF-8"?>
<testsuite name="com.mindex.challenge.DataBootstrapTest" tests="1" skipped="0" failures="0" errors="0" timestamp="2021-08-26T18:59:37" hostname="MSI" time="0.038">
  <properties/>
  <testcase name="test" classname="com.mindex.challenge.DataBootstrapTest" time="0.038"/>
  <system-out><![CDATA[2021-08-26 14:59:37.950  INFO 34824 --- [    Test worker] .b.t.c.SpringBootTestContextBootstrapper : Neither @ContextConfiguration nor @ContextHierarchy found for test class [com.mindex.challenge.DataBootstrapTest], using SpringBootContextLoader
2021-08-26 14:59:37.951  INFO 34824 --- [    Test worker] o.s.t.c.support.AbstractContextLoader    : Could not detect default resource locations for test class [com.mindex.challenge.DataBootstrapTest]: no resource found for suffixes {-context.xml, Context.groovy}.
2021-08-26 14:59:37.951  INFO 34824 --- [    Test worker] t.c.s.AnnotationConfigContextLoaderUtils : Could not detect default configuration classes for test class [com.mindex.challenge.DataBootstrapTest]: DataBootstrapTest does not declare any static, non-private, non-final, nested classes annotated with @Configuration.
2021-08-26 14:59:37.953  INFO 34824 --- [    Test worker] .b.t.c.SpringBootTestContextBootstrapper : Found @SpringBootConfiguration com.mindex.challenge.ChallengeApplication for test class com.mindex.challenge.DataBootstrapTest
2021-08-26 14:59:37.954  INFO 34824 --- [    Test worker] .b.t.c.SpringBootTestContextBootstrapper : Loaded default TestExecutionListener class names from location [META-INF/spring.factories]: [org.springframework.boot.test.autoconfigure.restdocs.RestDocsTestExecutionListener, org.springframework.boot.test.autoconfigure.web.client.MockRestServiceServerResetTestExecutionListener, org.springframework.boot.test.autoconfigure.web.servlet.MockMvcPrintOnlyOnFailureTestExecutionListener, org.springframework.boot.test.autoconfigure.web.servlet.WebDriverTestExecutionListener, org.springframework.boot.test.mock.mockito.MockitoTestExecutionListener, org.springframework.boot.test.mock.mockito.ResetMocksTestExecutionListener, org.springframework.test.context.web.ServletTestExecutionListener, org.springframework.test.context.support.DirtiesContextBeforeModesTestExecutionListener, org.springframework.test.context.support.DependencyInjectionTestExecutionListener, org.springframework.test.context.support.DirtiesContextTestExecutionListener, org.springframework.test.context.transaction.TransactionalTestExecutionListener, org.springframework.test.context.jdbc.SqlScriptsTestExecutionListener, org.springframework.test.context.event.EventPublishingTestExecutionListener]
2021-08-26 14:59:37.954  INFO 34824 --- [    Test worker] .b.t.c.SpringBootTestContextBootstrapper : Using TestExecutionListeners: [org.springframework.test.context.web.ServletTestExecutionListener@58a1003c, org.springframework.test.context.support.DirtiesContextBeforeModesTestExecutionListener@6293be21, org.springframework.boot.test.mock.mockito.MockitoTestExecutionListener@57665aba, org.springframework.boot.test.autoconfigure.SpringBootDependencyInjectionTestExecutionListener@427e7bce, org.springframework.test.context.support.DirtiesContextTestExecutionListener@120e235d, org.springframework.test.context.transaction.TransactionalTestExecutionListener@6d13f58b, org.springframework.test.context.jdbc.SqlScriptsTestExecutionListener@845c119, org.springframework.test.context.event.EventPublishingTestExecutionListener@39d47bd4, org.springframework.boot.test.autoconfigure.restdocs.RestDocsTestExecutionListener@5aa3b378, org.springframework.boot.test.autoconfigure.web.client.MockRestServiceServerResetTestExecutionListener@28eeba0a, org.springframework.boot.test.autoconfigure.web.servlet.MockMvcPrintOnlyOnFailureTestExecutionListener@e05fb07, org.springframework.boot.test.autoconfigure.web.servlet.WebDriverTestExecutionListener@14153bc8, org.springframework.boot.test.mock.mockito.ResetMocksTestExecutionListener@53ea6241]
]]></system-out>
  <system-err><![CDATA[]]></system-err>
</testsuite>
