<?xml version="1.0" encoding="UTF-8"?>
<testsuite name="com.mindex.challenge.service.impl.EmployeeServiceImplTest" tests="1" skipped="0" failures="0" errors="0" timestamp="2021-08-26T18:59:38" hostname="MSI" time="0.173">
  <properties/>
  <testcase name="testCreateReadUpdate" classname="com.mindex.challenge.service.impl.EmployeeServiceImplTest" time="0.173"/>
  <system-out><![CDATA[2021-08-26 14:59:37.998  INFO 34824 --- [    Test worker] .b.t.c.SpringBootTestContextBootstrapper : Neither @ContextConfiguration nor @ContextHierarchy found for test class [com.mindex.challenge.service.impl.EmployeeServiceImplTest], using SpringBootContextLoader
2021-08-26 14:59:37.999  INFO 34824 --- [    Test worker] o.s.t.c.support.AbstractContextLoader    : Could not detect default resource locations for test class [com.mindex.challenge.service.impl.EmployeeServiceImplTest]: no resource found for suffixes {-context.xml, Context.groovy}.
2021-08-26 14:59:37.999  INFO 34824 --- [    Test worker] t.c.s.AnnotationConfigContextLoaderUtils : Could not detect default configuration classes for test class [com.mindex.challenge.service.impl.EmployeeServiceImplTest]: EmployeeServiceImplTest does not declare any static, non-private, non-final, nested classes annotated with @Configuration.
2021-08-26 14:59:38.005  INFO 34824 --- [    Test worker] .b.t.c.SpringBootTestContextBootstrapper : Found @SpringBootConfiguration com.mindex.challenge.ChallengeApplication for test class com.mindex.challenge.service.impl.EmployeeServiceImplTest
2021-08-26 14:59:38.006  INFO 34824 --- [    Test worker] .b.t.c.SpringBootTestContextBootstrapper : Loaded default TestExecutionListener class names from location [META-INF/spring.factories]: [org.springframework.boot.test.autoconfigure.restdocs.RestDocsTestExecutionListener, org.springframework.boot.test.autoconfigure.web.client.MockRestServiceServerResetTestExecutionListener, org.springframework.boot.test.autoconfigure.web.servlet.MockMvcPrintOnlyOnFailureTestExecutionListener, org.springframework.boot.test.autoconfigure.web.servlet.WebDriverTestExecutionListener, org.springframework.boot.test.mock.mockito.MockitoTestExecutionListener, org.springframework.boot.test.mock.mockito.ResetMocksTestExecutionListener, org.springframework.test.context.web.ServletTestExecutionListener, org.springframework.test.context.support.DirtiesContextBeforeModesTestExecutionListener, org.springframework.test.context.support.DependencyInjectionTestExecutionListener, org.springframework.test.context.support.DirtiesContextTestExecutionListener, org.springframework.test.context.transaction.TransactionalTestExecutionListener, org.springframework.test.context.jdbc.SqlScriptsTestExecutionListener, org.springframework.test.context.event.EventPublishingTestExecutionListener]
2021-08-26 14:59:38.006  INFO 34824 --- [    Test worker] .b.t.c.SpringBootTestContextBootstrapper : Using TestExecutionListeners: [org.springframework.test.context.web.ServletTestExecutionListener@6630c368, org.springframework.test.context.support.DirtiesContextBeforeModesTestExecutionListener@786385ab, org.springframework.boot.test.mock.mockito.MockitoTestExecutionListener@2f2cb196, org.springframework.boot.test.autoconfigure.SpringBootDependencyInjectionTestExecutionListener@4af3d32e, org.springframework.test.context.support.DirtiesContextTestExecutionListener@2a38629b, org.springframework.test.context.transaction.TransactionalTestExecutionListener@4e92f4aa, org.springframework.test.context.jdbc.SqlScriptsTestExecutionListener@4f84cef, org.springframework.test.context.event.EventPublishingTestExecutionListener@50c685fd, org.springframework.boot.test.autoconfigure.restdocs.RestDocsTestExecutionListener@390319c4, org.springframework.boot.test.autoconfigure.web.client.MockRestServiceServerResetTestExecutionListener@606d9dea, org.springframework.boot.test.autoconfigure.web.servlet.MockMvcPrintOnlyOnFailureTestExecutionListener@26342a3c, org.springframework.boot.test.autoconfigure.web.servlet.WebDriverTestExecutionListener@42b9aa6a, org.springframework.boot.test.mock.mockito.ResetMocksTestExecutionListener@63d556c0]

  .   ____          _            __ _ _
 /\\ / ___'_ __ _ _(_)_ __  __ _ \ \ \ \
( ( )\___ | '_ | '_| | '_ \/ _` | \ \ \ \
 \\/  ___)| |_)| | | | | || (_| |  ) ) ) )
  '  |____| .__|_| |_|_| |_\__, | / / / /
 =========|_|==============|___/=/_/_/_/
 :: Spring Boot ::        (v2.2.0.RELEASE)

2021-08-26 14:59:38.031  INFO 34824 --- [    Test worker] c.m.c.s.impl.EmployeeServiceImplTest     : Starting EmployeeServiceImplTest on MSI with PID 34824 (started by MSI Laptop in C:\Users\MSI Laptop\Documents\ImportantStuff\JobSearchingRelatedFiles\CodeChallenge\mindex-java-code-challenge)
2021-08-26 14:59:38.031 DEBUG 34824 --- [    Test worker] c.m.c.s.impl.EmployeeServiceImplTest     : Running with Spring Boot v2.2.0.RELEASE, Spring v5.2.0.RELEASE
2021-08-26 14:59:38.032  INFO 34824 --- [    Test worker] c.m.c.s.impl.EmployeeServiceImplTest     : No active profile set, falling back to default profiles: default
2021-08-26 14:59:38.139  INFO 34824 --- [    Test worker] .s.d.r.c.RepositoryConfigurationDelegate : Bootstrapping Spring Data repositories in DEFAULT mode.
2021-08-26 14:59:38.143  INFO 34824 --- [    Test worker] .s.d.r.c.RepositoryConfigurationDelegate : Finished Spring Data repository scanning in 3ms. Found 1 repository interfaces.
2021-08-26 14:59:38.330  INFO 34824 --- [    Test worker] o.s.b.w.embedded.tomcat.TomcatWebServer  : Tomcat initialized with port(s): 0 (http)
2021-08-26 14:59:38.342  INFO 34824 --- [    Test worker] o.apache.catalina.core.StandardService   : Starting service [Tomcat]
2021-08-26 14:59:38.342  INFO 34824 --- [    Test worker] org.apache.catalina.core.StandardEngine  : Starting Servlet engine: [Apache Tomcat/9.0.27]
2021-08-26 14:59:38.425  INFO 34824 --- [    Test worker] o.a.c.c.C.[Tomcat].[localhost].[/]       : Initializing Spring embedded WebApplicationContext
2021-08-26 14:59:38.426  INFO 34824 --- [    Test worker] o.s.web.context.ContextLoader            : Root WebApplicationContext: initialization completed in 391 ms
2021-08-26 14:59:38.513  INFO 34824 --- [    Test worker] de.bwaldvogel.mongo.MongoServer          : started MongoServer(port: 60953, ssl: false)
2021-08-26 14:59:38.513  INFO 34824 --- [    Test worker] org.mongodb.driver.cluster               : Cluster created with settings {hosts=[127.0.0.1:60953], mode=SINGLE, requiredClusterType=UNKNOWN, serverSelectionTimeout='30000 ms', maxWaitQueueSize=500}
2021-08-26 14:59:38.513  INFO 34824 --- [-server-worker1] d.b.mongo.wire.MongoWireProtocolHandler  : client [id: 0x05894271, L:/127.0.0.1:60953 - R:/127.0.0.1:60954] connected
2021-08-26 14:59:38.513  WARN 34824 --- [    Test worker] o.s.data.convert.CustomConversions       : Registering converter from class java.time.LocalDateTime to class java.time.Instant as reading converter although it doesn't convert from a store-supported type! You might wanna check you annotation setup at the converter implementation.
2021-08-26 14:59:38.513  WARN 34824 --- [    Test worker] o.s.data.convert.CustomConversions       : Registering converter from class java.time.Instant to class java.time.LocalDateTime as reading converter although it doesn't convert from a store-supported type! You might wanna check you annotation setup at the converter implementation.
2021-08-26 14:59:38.513  WARN 34824 --- [    Test worker] o.s.data.convert.CustomConversions       : Registering converter from class java.time.LocalDateTime to class java.time.Instant as reading converter although it doesn't convert from a store-supported type! You might wanna check you annotation setup at the converter implementation.
2021-08-26 14:59:38.513  WARN 34824 --- [    Test worker] o.s.data.convert.CustomConversions       : Registering converter from class java.time.Instant to class java.time.LocalDateTime as reading converter although it doesn't convert from a store-supported type! You might wanna check you annotation setup at the converter implementation.
2021-08-26 14:59:38.513  INFO 34824 --- [127.0.0.1:60953] org.mongodb.driver.connection            : Opened connection [connectionId{localValue:3}] to 127.0.0.1:60953
2021-08-26 14:59:38.513  INFO 34824 --- [127.0.0.1:60953] org.mongodb.driver.cluster               : Monitor thread successfully connected to server with description ServerDescription{address=127.0.0.1:60953, type=STANDALONE, state=CONNECTED, ok=true, version=ServerVersion{versionList=[3, 0, 0]}, minWireVersion=0, maxWireVersion=2, maxDocumentSize=16777216, logicalSessionTimeoutMinutes=null, roundTripTimeNanos=2317000}
2021-08-26 14:59:38.560  INFO 34824 --- [-server-worker2] d.b.mongo.wire.MongoWireProtocolHandler  : client [id: 0xc24f1dcd, L:/127.0.0.1:60953 - R:/127.0.0.1:60955] connected
2021-08-26 14:59:38.560  INFO 34824 --- [    Test worker] org.mongodb.driver.connection            : Opened connection [connectionId{localValue:4}] to 127.0.0.1:60953
2021-08-26 14:59:38.560  INFO 34824 --- [-server-worker2] d.b.mongo.backend.AbstractMongoBackend   : created database test
2021-08-26 14:59:38.560  INFO 34824 --- [-server-worker2] d.b.mongo.backend.AbstractMongoDatabase  : adding unique _id index for collection employee
2021-08-26 14:59:38.560  INFO 34824 --- [-server-worker2] d.b.mongo.backend.AbstractMongoDatabase  : created collection test.employee
2021-08-26 14:59:38.655  INFO 34824 --- [    Test worker] o.s.s.concurrent.ThreadPoolTaskExecutor  : Initializing ExecutorService 'applicationTaskExecutor'
2021-08-26 14:59:38.718  WARN 34824 --- [    Test worker] o.s.data.convert.CustomConversions       : Registering converter from class java.time.LocalDateTime to class java.time.Instant as reading converter although it doesn't convert from a store-supported type! You might wanna check you annotation setup at the converter implementation.
2021-08-26 14:59:38.718  WARN 34824 --- [    Test worker] o.s.data.convert.CustomConversions       : Registering converter from class java.time.Instant to class java.time.LocalDateTime as reading converter although it doesn't convert from a store-supported type! You might wanna check you annotation setup at the converter implementation.
2021-08-26 14:59:38.733  WARN 34824 --- [    Test worker] o.s.data.convert.CustomConversions       : Registering converter from class java.time.LocalDateTime to class java.time.Instant as reading converter although it doesn't convert from a store-supported type! You might wanna check you annotation setup at the converter implementation.
2021-08-26 14:59:38.733  WARN 34824 --- [    Test worker] o.s.data.convert.CustomConversions       : Registering converter from class java.time.Instant to class java.time.LocalDateTime as reading converter although it doesn't convert from a store-supported type! You might wanna check you annotation setup at the converter implementation.
2021-08-26 14:59:38.780  INFO 34824 --- [    Test worker] o.s.b.w.embedded.tomcat.TomcatWebServer  : Tomcat started on port(s): 60956 (http) with context path ''
2021-08-26 14:59:38.780  INFO 34824 --- [    Test worker] c.m.c.s.impl.EmployeeServiceImplTest     : Started EmployeeServiceImplTest in 0.781 seconds (JVM running for 4.662)
2021-08-26 14:59:38.886  INFO 34824 --- [o-auto-1-exec-1] o.a.c.c.C.[Tomcat].[localhost].[/]       : Initializing Spring DispatcherServlet 'dispatcherServlet'
2021-08-26 14:59:38.886  INFO 34824 --- [o-auto-1-exec-1] o.s.web.servlet.DispatcherServlet        : Initializing Servlet 'dispatcherServlet'
2021-08-26 14:59:38.902  INFO 34824 --- [o-auto-1-exec-1] o.s.web.servlet.DispatcherServlet        : Completed initialization in 16 ms
2021-08-26 14:59:38.933 DEBUG 34824 --- [o-auto-1-exec-1] c.m.c.controller.EmployeeController      : Received employee create request for [com.mindex.challenge.data.Employee@1f8971f7]
2021-08-26 14:59:38.933 DEBUG 34824 --- [o-auto-1-exec-1] c.m.c.service.impl.EmployeeServiceImpl   : Creating employee [com.mindex.challenge.data.Employee@1f8971f7]
2021-08-26 14:59:38.949 DEBUG 34824 --- [o-auto-1-exec-2] c.m.c.controller.EmployeeController      : Received employee create request for id [2bf09c71-6461-4c04-925d-03d21603e85b]
2021-08-26 14:59:38.949 DEBUG 34824 --- [o-auto-1-exec-2] c.m.c.service.impl.EmployeeServiceImpl   : Creating employee with id [2bf09c71-6461-4c04-925d-03d21603e85b]
2021-08-26 14:59:38.949 DEBUG 34824 --- [o-auto-1-exec-3] c.m.c.controller.EmployeeController      : Received employee create request for id [2bf09c71-6461-4c04-925d-03d21603e85b] and employee [com.mindex.challenge.data.Employee@4c5e3fb8]
2021-08-26 14:59:38.949 DEBUG 34824 --- [o-auto-1-exec-3] c.m.c.service.impl.EmployeeServiceImpl   : Updating employee [com.mindex.challenge.data.Employee@4c5e3fb8]
]]></system-out>
  <system-err><![CDATA[]]></system-err>
</testsuite>
